Traceback (most recent call last):
  File "/opt/homebrew/lib/python3.13/site-packages/numpy/_core/__init__.py", line 22, in <module>
    from . import multiarray
  File "/opt/homebrew/lib/python3.13/site-packages/numpy/_core/multiarray.py", line 11, in <module>
    from . import _multiarray_umath, overrides
  File "/opt/homebrew/lib/python3.13/site-packages/numpy/_core/overrides.py", line 5, in <module>
    from numpy._core._multiarray_umath import (
ModuleNotFoundError: No module named 'numpy._core._multiarray_umath'

The above exception was the direct cause of the following exception:

Traceback (most recent call last):
  File "/opt/homebrew/lib/python3.13/site-packages/numpy/__init__.py", line 112, in <module>
    from numpy.__config__ import show_config
  File "/opt/homebrew/lib/python3.13/site-packages/numpy/__config__.py", line 4, in <module>
    from numpy._core._multiarray_umath import (
  File "/opt/homebrew/lib/python3.13/site-packages/numpy/_core/__init__.py", line 48, in <module>
    raise ImportError(msg) from exc
ImportError: 

IMPORTANT: PLEASE READ THIS FOR ADVICE ON HOW TO SOLVE THIS ISSUE!

Importing the numpy C-extensions failed. This error can happen for
many reasons, often due to issues with your setup or how NumPy was
installed.

We have compiled some common reasons and troubleshooting tips at:

    https://numpy.org/devdocs/user/troubleshooting-importerror.html

Please note and check the following:

  * The Python version is: Python3.11 from "/Users/ashayvairat/.pyenv/versions/3.11.7/bin/python3"
  * The NumPy version is: "2.3.2"

and make sure that they are the versions you expect.
Please carefully study the documentation linked above for further help.

Original error was: No module named 'numpy._core._multiarray_umath'


The above exception was the direct cause of the following exception:

Traceback (most recent call last):
  File "<string>", line 7, in <module>
  File "/Users/ashayvairat/Public/FRA/fra_atlas_webgis version 7/OCR/flask_ocr_api.py", line 22, in <module>
    import pytesseract
  File "/Users/ashayvairat/.pyenv/versions/3.11.7/lib/python3.11/site-packages/pytesseract/__init__.py", line 2, in <module>
    from .pytesseract import ALTONotSupported
  File "/Users/ashayvairat/.pyenv/versions/3.11.7/lib/python3.11/site-packages/pytesseract/pytesseract.py", line 34, in <module>
    from numpy import ndarray
  File "/opt/homebrew/lib/python3.13/site-packages/numpy/__init__.py", line 117, in <module>
    raise ImportError(msg) from e
ImportError: Error importing numpy: you should not try to import numpy from
        its source directory; please exit the numpy source tree, and relaunch
        your python interpreter from there.
